<?xml version="1.0" encoding="UTF-8"?>
<testsuite xmlns:xsi="http://www.w3.org/2001/XMLSchema-instance" xsi:noNamespaceSchemaLocation="https://maven.apache.org/surefire/maven-surefire-plugin/xsd/surefire-test-report-3.0.xsd" version="3.0" name="com.bloomberg.warehouse.FxDealControllerTest" time="1.394" tests="5" errors="0" skipped="0" failures="0">
  <properties>
    <property name="java.specification.version" value="21"/>
    <property name="sun.cpu.isalist" value="amd64"/>
    <property name="sun.jnu.encoding" value="Cp1252"/>
    <property name="java.class.path" value="C:\Users\rashe\Desktop\FxDeal\target\test-classes;C:\Users\rashe\Desktop\FxDeal\target\classes;C:\Users\rashe\.m2\repository\org\springframework\boot\spring-boot-starter-thymeleaf\3.2.0-M3\spring-boot-starter-thymeleaf-3.2.0-M3.jar;C:\Users\rashe\.m2\repository\org\springframework\boot\spring-boot-starter\3.2.0-M3\spring-boot-starter-3.2.0-M3.jar;C:\Users\rashe\.m2\repository\org\springframework\boot\spring-boot-starter-logging\3.2.0-M3\spring-boot-starter-logging-3.2.0-M3.jar;C:\Users\rashe\.m2\repository\ch\qos\logback\logback-classic\1.4.11\logback-classic-1.4.11.jar;C:\Users\rashe\.m2\repository\ch\qos\logback\logback-core\1.4.11\logback-core-1.4.11.jar;C:\Users\rashe\.m2\repository\org\apache\logging\log4j\log4j-to-slf4j\2.20.0\log4j-to-slf4j-2.20.0.jar;C:\Users\rashe\.m2\repository\org\apache\logging\log4j\log4j-api\2.20.0\log4j-api-2.20.0.jar;C:\Users\rashe\.m2\repository\org\slf4j\jul-to-slf4j\2.0.9\jul-to-slf4j-2.0.9.jar;C:\Users\rashe\.m2\repository\jakarta\annotation\jakarta.annotation-api\2.1.1\jakarta.annotation-api-2.1.1.jar;C:\Users\rashe\.m2\repository\org\yaml\snakeyaml\2.2\snakeyaml-2.2.jar;C:\Users\rashe\.m2\repository\org\thymeleaf\thymeleaf-spring6\3.1.2.RELEASE\thymeleaf-spring6-3.1.2.RELEASE.jar;C:\Users\rashe\.m2\repository\org\thymeleaf\thymeleaf\3.1.2.RELEASE\thymeleaf-3.1.2.RELEASE.jar;C:\Users\rashe\.m2\repository\org\attoparser\attoparser\2.0.7.RELEASE\attoparser-2.0.7.RELEASE.jar;C:\Users\rashe\.m2\repository\org\unbescape\unbescape\1.1.6.RELEASE\unbescape-1.1.6.RELEASE.jar;C:\Users\rashe\.m2\repository\org\slf4j\slf4j-api\2.0.9\slf4j-api-2.0.9.jar;C:\Users\rashe\.m2\repository\org\springframework\boot\spring-boot-starter-data-jpa\3.2.0-M3\spring-boot-starter-data-jpa-3.2.0-M3.jar;C:\Users\rashe\.m2\repository\org\springframework\boot\spring-boot-starter-aop\3.2.0-M3\spring-boot-starter-aop-3.2.0-M3.jar;C:\Users\rashe\.m2\repository\org\springframework\spring-aop\6.1.0-M5\spring-aop-6.1.0-M5.jar;C:\Users\rashe\.m2\repository\org\aspectj\aspectjweaver\1.9.20\aspectjweaver-1.9.20.jar;C:\Users\rashe\.m2\repository\org\springframework\boot\spring-boot-starter-jdbc\3.2.0-M3\spring-boot-starter-jdbc-3.2.0-M3.jar;C:\Users\rashe\.m2\repository\com\zaxxer\HikariCP\5.0.1\HikariCP-5.0.1.jar;C:\Users\rashe\.m2\repository\org\springframework\spring-jdbc\6.1.0-M5\spring-jdbc-6.1.0-M5.jar;C:\Users\rashe\.m2\repository\org\hibernate\orm\hibernate-core\6.3.1.Final\hibernate-core-6.3.1.Final.jar;C:\Users\rashe\.m2\repository\jakarta\persistence\jakarta.persistence-api\3.1.0\jakarta.persistence-api-3.1.0.jar;C:\Users\rashe\.m2\repository\jakarta\transaction\jakarta.transaction-api\2.0.1\jakarta.transaction-api-2.0.1.jar;C:\Users\rashe\.m2\repository\org\jboss\logging\jboss-logging\3.5.3.Final\jboss-logging-3.5.3.Final.jar;C:\Users\rashe\.m2\repository\org\hibernate\common\hibernate-commons-annotations\6.0.6.Final\hibernate-commons-annotations-6.0.6.Final.jar;C:\Users\rashe\.m2\repository\io\smallrye\jandex\3.1.2\jandex-3.1.2.jar;C:\Users\rashe\.m2\repository\com\fasterxml\classmate\1.5.1\classmate-1.5.1.jar;C:\Users\rashe\.m2\repository\net\bytebuddy\byte-buddy\1.14.8\byte-buddy-1.14.8.jar;C:\Users\rashe\.m2\repository\org\glassfish\jaxb\jaxb-runtime\4.0.3\jaxb-runtime-4.0.3.jar;C:\Users\rashe\.m2\repository\org\glassfish\jaxb\jaxb-core\4.0.3\jaxb-core-4.0.3.jar;C:\Users\rashe\.m2\repository\org\eclipse\angus\angus-activation\2.0.1\angus-activation-2.0.1.jar;C:\Users\rashe\.m2\repository\org\glassfish\jaxb\txw2\4.0.3\txw2-4.0.3.jar;C:\Users\rashe\.m2\repository\com\sun\istack\istack-commons-runtime\4.1.2\istack-commons-runtime-4.1.2.jar;C:\Users\rashe\.m2\repository\jakarta\inject\jakarta.inject-api\2.0.1\jakarta.inject-api-2.0.1.jar;C:\Users\rashe\.m2\repository\org\antlr\antlr4-runtime\4.10.1\antlr4-runtime-4.10.1.jar;C:\Users\rashe\.m2\repository\org\springframework\data\spring-data-jpa\3.2.0-M3\spring-data-jpa-3.2.0-M3.jar;C:\Users\rashe\.m2\repository\org\springframework\data\spring-data-commons\3.2.0-M3\spring-data-commons-3.2.0-M3.jar;C:\Users\rashe\.m2\repository\org\springframework\spring-orm\6.1.0-M5\spring-orm-6.1.0-M5.jar;C:\Users\rashe\.m2\repository\org\springframework\spring-context\6.1.0-M5\spring-context-6.1.0-M5.jar;C:\Users\rashe\.m2\repository\org\springframework\spring-tx\6.1.0-M5\spring-tx-6.1.0-M5.jar;C:\Users\rashe\.m2\repository\org\springframework\spring-beans\6.1.0-M5\spring-beans-6.1.0-M5.jar;C:\Users\rashe\.m2\repository\org\springframework\spring-aspects\6.1.0-M5\spring-aspects-6.1.0-M5.jar;C:\Users\rashe\.m2\repository\org\springframework\boot\spring-boot-starter-web\3.2.0-M3\spring-boot-starter-web-3.2.0-M3.jar;C:\Users\rashe\.m2\repository\org\springframework\boot\spring-boot-starter-json\3.2.0-M3\spring-boot-starter-json-3.2.0-M3.jar;C:\Users\rashe\.m2\repository\com\fasterxml\jackson\core\jackson-databind\2.15.2\jackson-databind-2.15.2.jar;C:\Users\rashe\.m2\repository\com\fasterxml\jackson\core\jackson-annotations\2.15.2\jackson-annotations-2.15.2.jar;C:\Users\rashe\.m2\repository\com\fasterxml\jackson\core\jackson-core\2.15.2\jackson-core-2.15.2.jar;C:\Users\rashe\.m2\repository\com\fasterxml\jackson\datatype\jackson-datatype-jdk8\2.15.2\jackson-datatype-jdk8-2.15.2.jar;C:\Users\rashe\.m2\repository\com\fasterxml\jackson\datatype\jackson-datatype-jsr310\2.15.2\jackson-datatype-jsr310-2.15.2.jar;C:\Users\rashe\.m2\repository\com\fasterxml\jackson\module\jackson-module-parameter-names\2.15.2\jackson-module-parameter-names-2.15.2.jar;C:\Users\rashe\.m2\repository\org\springframework\boot\spring-boot-starter-tomcat\3.2.0-M3\spring-boot-starter-tomcat-3.2.0-M3.jar;C:\Users\rashe\.m2\repository\org\apache\tomcat\embed\tomcat-embed-core\10.1.13\tomcat-embed-core-10.1.13.jar;C:\Users\rashe\.m2\repository\org\apache\tomcat\embed\tomcat-embed-websocket\10.1.13\tomcat-embed-websocket-10.1.13.jar;C:\Users\rashe\.m2\repository\org\springframework\spring-web\6.1.0-M5\spring-web-6.1.0-M5.jar;C:\Users\rashe\.m2\repository\io\micrometer\micrometer-observation\1.12.0-M3\micrometer-observation-1.12.0-M3.jar;C:\Users\rashe\.m2\repository\io\micrometer\micrometer-commons\1.12.0-M3\micrometer-commons-1.12.0-M3.jar;C:\Users\rashe\.m2\repository\org\springframework\spring-webmvc\6.1.0-M5\spring-webmvc-6.1.0-M5.jar;C:\Users\rashe\.m2\repository\org\springframework\spring-expression\6.1.0-M5\spring-expression-6.1.0-M5.jar;C:\Users\rashe\.m2\repository\com\h2database\h2\2.2.224\h2-2.2.224.jar;C:\Users\rashe\.m2\repository\org\springframework\boot\spring-boot-starter-validation\3.2.0-M3\spring-boot-starter-validation-3.2.0-M3.jar;C:\Users\rashe\.m2\repository\org\apache\tomcat\embed\tomcat-embed-el\10.1.13\tomcat-embed-el-10.1.13.jar;C:\Users\rashe\.m2\repository\org\hibernate\validator\hibernate-validator\8.0.1.Final\hibernate-validator-8.0.1.Final.jar;C:\Users\rashe\.m2\repository\jakarta\validation\jakarta.validation-api\3.0.2\jakarta.validation-api-3.0.2.jar;C:\Users\rashe\.m2\repository\com\mysql\mysql-connector-j\8.0.31\mysql-connector-j-8.0.31.jar;C:\Users\rashe\.m2\repository\org\projectlombok\lombok-maven-plugin\1.18.20.0\lombok-maven-plugin-1.18.20.0.jar;C:\Users\rashe\.m2\repository\org\apache\commons\commons-lang3\3.13.0\commons-lang3-3.13.0.jar;C:\Users\rashe\.m2\repository\org\projectlombok\lombok\1.18.30\lombok-1.18.30.jar;C:\Users\rashe\.m2\repository\org\sonatype\plexus\plexus-build-api\0.0.7\plexus-build-api-0.0.7.jar;C:\Users\rashe\.m2\repository\org\codehaus\plexus\plexus-utils\1.5.8\plexus-utils-1.5.8.jar;C:\Users\rashe\.m2\repository\org\springframework\boot\spring-boot-devtools\3.2.0-M3\spring-boot-devtools-3.2.0-M3.jar;C:\Users\rashe\.m2\repository\org\springframework\boot\spring-boot\3.2.0-M3\spring-boot-3.2.0-M3.jar;C:\Users\rashe\.m2\repository\org\springframework\boot\spring-boot-autoconfigure\3.2.0-M3\spring-boot-autoconfigure-3.2.0-M3.jar;C:\Users\rashe\.m2\repository\com\neovisionaries\nv-i18n\1.29\nv-i18n-1.29.jar;C:\Users\rashe\.m2\repository\org\springframework\boot\spring-boot-starter-test\3.2.0-M3\spring-boot-starter-test-3.2.0-M3.jar;C:\Users\rashe\.m2\repository\org\springframework\boot\spring-boot-test\3.2.0-M3\spring-boot-test-3.2.0-M3.jar;C:\Users\rashe\.m2\repository\org\springframework\boot\spring-boot-test-autoconfigure\3.2.0-M3\spring-boot-test-autoconfigure-3.2.0-M3.jar;C:\Users\rashe\.m2\repository\com\jayway\jsonpath\json-path\2.8.0\json-path-2.8.0.jar;C:\Users\rashe\.m2\repository\jakarta\xml\bind\jakarta.xml.bind-api\4.0.1\jakarta.xml.bind-api-4.0.1.jar;C:\Users\rashe\.m2\repository\jakarta\activation\jakarta.activation-api\2.1.2\jakarta.activation-api-2.1.2.jar;C:\Users\rashe\.m2\repository\net\minidev\json-smart\2.5.0\json-smart-2.5.0.jar;C:\Users\rashe\.m2\repository\net\minidev\accessors-smart\2.5.0\accessors-smart-2.5.0.jar;C:\Users\rashe\.m2\repository\org\ow2\asm\asm\9.3\asm-9.3.jar;C:\Users\rashe\.m2\repository\org\assertj\assertj-core\3.24.2\assertj-core-3.24.2.jar;C:\Users\rashe\.m2\repository\org\hamcrest\hamcrest\2.2\hamcrest-2.2.jar;C:\Users\rashe\.m2\repository\org\junit\jupiter\junit-jupiter\5.10.0\junit-jupiter-5.10.0.jar;C:\Users\rashe\.m2\repository\org\junit\jupiter\junit-jupiter-api\5.10.0\junit-jupiter-api-5.10.0.jar;C:\Users\rashe\.m2\repository\org\opentest4j\opentest4j\1.3.0\opentest4j-1.3.0.jar;C:\Users\rashe\.m2\repository\org\junit\platform\junit-platform-commons\1.10.0\junit-platform-commons-1.10.0.jar;C:\Users\rashe\.m2\repository\org\apiguardian\apiguardian-api\1.1.2\apiguardian-api-1.1.2.jar;C:\Users\rashe\.m2\repository\org\junit\jupiter\junit-jupiter-params\5.10.0\junit-jupiter-params-5.10.0.jar;C:\Users\rashe\.m2\repository\org\junit\jupiter\junit-jupiter-engine\5.10.0\junit-jupiter-engine-5.10.0.jar;C:\Users\rashe\.m2\repository\org\junit\platform\junit-platform-engine\1.10.0\junit-platform-engine-1.10.0.jar;C:\Users\rashe\.m2\repository\org\mockito\mockito-core\5.5.0\mockito-core-5.5.0.jar;C:\Users\rashe\.m2\repository\net\bytebuddy\byte-buddy-agent\1.14.8\byte-buddy-agent-1.14.8.jar;C:\Users\rashe\.m2\repository\org\objenesis\objenesis\3.3\objenesis-3.3.jar;C:\Users\rashe\.m2\repository\org\mockito\mockito-junit-jupiter\5.5.0\mockito-junit-jupiter-5.5.0.jar;C:\Users\rashe\.m2\repository\org\skyscreamer\jsonassert\1.5.1\jsonassert-1.5.1.jar;C:\Users\rashe\.m2\repository\com\vaadin\external\google\android-json\0.0.20131108.vaadin1\android-json-0.0.20131108.vaadin1.jar;C:\Users\rashe\.m2\repository\org\springframework\spring-core\6.1.0-M5\spring-core-6.1.0-M5.jar;C:\Users\rashe\.m2\repository\org\springframework\spring-jcl\6.1.0-M5\spring-jcl-6.1.0-M5.jar;C:\Users\rashe\.m2\repository\org\springframework\spring-test\6.1.0-M5\spring-test-6.1.0-M5.jar;C:\Users\rashe\.m2\repository\org\xmlunit\xmlunit-core\2.9.1\xmlunit-core-2.9.1.jar;C:\Users\rashe\.m2\repository\junit\junit\4.13.2\junit-4.13.2.jar;C:\Users\rashe\.m2\repository\org\hamcrest\hamcrest-core\2.2\hamcrest-core-2.2.jar;"/>
    <property name="java.vm.vendor" value="Oracle Corporation"/>
    <property name="sun.arch.data.model" value="64"/>
    <property name="user.variant" value=""/>
    <property name="java.vendor.url" value="https://java.oracle.com/"/>
    <property name="user.timezone" value="Asia/Amman"/>
    <property name="os.name" value="Windows 11"/>
    <property name="java.vm.specification.version" value="21"/>
    <property name="sun.java.launcher" value="SUN_STANDARD"/>
    <property name="user.country" value="US"/>
    <property name="sun.boot.library.path" value="C:\Program Files\Java\jdk-21\bin"/>
    <property name="sun.java.command" value="C:\Users\rashe\AppData\Local\Temp\surefire16701727760750821617\surefirebooter-20240521225456119_3.jar C:\Users\rashe\AppData\Local\Temp\surefire16701727760750821617 2024-05-21T22-54-55_965-jvmRun1 surefire-20240521225456119_1tmp surefire_0-20240521225456119_2tmp"/>
    <property name="jdk.debug" value="release"/>
    <property name="surefire.test.class.path" value="C:\Users\rashe\Desktop\FxDeal\target\test-classes;C:\Users\rashe\Desktop\FxDeal\target\classes;C:\Users\rashe\.m2\repository\org\springframework\boot\spring-boot-starter-thymeleaf\3.2.0-M3\spring-boot-starter-thymeleaf-3.2.0-M3.jar;C:\Users\rashe\.m2\repository\org\springframework\boot\spring-boot-starter\3.2.0-M3\spring-boot-starter-3.2.0-M3.jar;C:\Users\rashe\.m2\repository\org\springframework\boot\spring-boot-starter-logging\3.2.0-M3\spring-boot-starter-logging-3.2.0-M3.jar;C:\Users\rashe\.m2\repository\ch\qos\logback\logback-classic\1.4.11\logback-classic-1.4.11.jar;C:\Users\rashe\.m2\repository\ch\qos\logback\logback-core\1.4.11\logback-core-1.4.11.jar;C:\Users\rashe\.m2\repository\org\apache\logging\log4j\log4j-to-slf4j\2.20.0\log4j-to-slf4j-2.20.0.jar;C:\Users\rashe\.m2\repository\org\apache\logging\log4j\log4j-api\2.20.0\log4j-api-2.20.0.jar;C:\Users\rashe\.m2\repository\org\slf4j\jul-to-slf4j\2.0.9\jul-to-slf4j-2.0.9.jar;C:\Users\rashe\.m2\repository\jakarta\annotation\jakarta.annotation-api\2.1.1\jakarta.annotation-api-2.1.1.jar;C:\Users\rashe\.m2\repository\org\yaml\snakeyaml\2.2\snakeyaml-2.2.jar;C:\Users\rashe\.m2\repository\org\thymeleaf\thymeleaf-spring6\3.1.2.RELEASE\thymeleaf-spring6-3.1.2.RELEASE.jar;C:\Users\rashe\.m2\repository\org\thymeleaf\thymeleaf\3.1.2.RELEASE\thymeleaf-3.1.2.RELEASE.jar;C:\Users\rashe\.m2\repository\org\attoparser\attoparser\2.0.7.RELEASE\attoparser-2.0.7.RELEASE.jar;C:\Users\rashe\.m2\repository\org\unbescape\unbescape\1.1.6.RELEASE\unbescape-1.1.6.RELEASE.jar;C:\Users\rashe\.m2\repository\org\slf4j\slf4j-api\2.0.9\slf4j-api-2.0.9.jar;C:\Users\rashe\.m2\repository\org\springframework\boot\spring-boot-starter-data-jpa\3.2.0-M3\spring-boot-starter-data-jpa-3.2.0-M3.jar;C:\Users\rashe\.m2\repository\org\springframework\boot\spring-boot-starter-aop\3.2.0-M3\spring-boot-starter-aop-3.2.0-M3.jar;C:\Users\rashe\.m2\repository\org\springframework\spring-aop\6.1.0-M5\spring-aop-6.1.0-M5.jar;C:\Users\rashe\.m2\repository\org\aspectj\aspectjweaver\1.9.20\aspectjweaver-1.9.20.jar;C:\Users\rashe\.m2\repository\org\springframework\boot\spring-boot-starter-jdbc\3.2.0-M3\spring-boot-starter-jdbc-3.2.0-M3.jar;C:\Users\rashe\.m2\repository\com\zaxxer\HikariCP\5.0.1\HikariCP-5.0.1.jar;C:\Users\rashe\.m2\repository\org\springframework\spring-jdbc\6.1.0-M5\spring-jdbc-6.1.0-M5.jar;C:\Users\rashe\.m2\repository\org\hibernate\orm\hibernate-core\6.3.1.Final\hibernate-core-6.3.1.Final.jar;C:\Users\rashe\.m2\repository\jakarta\persistence\jakarta.persistence-api\3.1.0\jakarta.persistence-api-3.1.0.jar;C:\Users\rashe\.m2\repository\jakarta\transaction\jakarta.transaction-api\2.0.1\jakarta.transaction-api-2.0.1.jar;C:\Users\rashe\.m2\repository\org\jboss\logging\jboss-logging\3.5.3.Final\jboss-logging-3.5.3.Final.jar;C:\Users\rashe\.m2\repository\org\hibernate\common\hibernate-commons-annotations\6.0.6.Final\hibernate-commons-annotations-6.0.6.Final.jar;C:\Users\rashe\.m2\repository\io\smallrye\jandex\3.1.2\jandex-3.1.2.jar;C:\Users\rashe\.m2\repository\com\fasterxml\classmate\1.5.1\classmate-1.5.1.jar;C:\Users\rashe\.m2\repository\net\bytebuddy\byte-buddy\1.14.8\byte-buddy-1.14.8.jar;C:\Users\rashe\.m2\repository\org\glassfish\jaxb\jaxb-runtime\4.0.3\jaxb-runtime-4.0.3.jar;C:\Users\rashe\.m2\repository\org\glassfish\jaxb\jaxb-core\4.0.3\jaxb-core-4.0.3.jar;C:\Users\rashe\.m2\repository\org\eclipse\angus\angus-activation\2.0.1\angus-activation-2.0.1.jar;C:\Users\rashe\.m2\repository\org\glassfish\jaxb\txw2\4.0.3\txw2-4.0.3.jar;C:\Users\rashe\.m2\repository\com\sun\istack\istack-commons-runtime\4.1.2\istack-commons-runtime-4.1.2.jar;C:\Users\rashe\.m2\repository\jakarta\inject\jakarta.inject-api\2.0.1\jakarta.inject-api-2.0.1.jar;C:\Users\rashe\.m2\repository\org\antlr\antlr4-runtime\4.10.1\antlr4-runtime-4.10.1.jar;C:\Users\rashe\.m2\repository\org\springframework\data\spring-data-jpa\3.2.0-M3\spring-data-jpa-3.2.0-M3.jar;C:\Users\rashe\.m2\repository\org\springframework\data\spring-data-commons\3.2.0-M3\spring-data-commons-3.2.0-M3.jar;C:\Users\rashe\.m2\repository\org\springframework\spring-orm\6.1.0-M5\spring-orm-6.1.0-M5.jar;C:\Users\rashe\.m2\repository\org\springframework\spring-context\6.1.0-M5\spring-context-6.1.0-M5.jar;C:\Users\rashe\.m2\repository\org\springframework\spring-tx\6.1.0-M5\spring-tx-6.1.0-M5.jar;C:\Users\rashe\.m2\repository\org\springframework\spring-beans\6.1.0-M5\spring-beans-6.1.0-M5.jar;C:\Users\rashe\.m2\repository\org\springframework\spring-aspects\6.1.0-M5\spring-aspects-6.1.0-M5.jar;C:\Users\rashe\.m2\repository\org\springframework\boot\spring-boot-starter-web\3.2.0-M3\spring-boot-starter-web-3.2.0-M3.jar;C:\Users\rashe\.m2\repository\org\springframework\boot\spring-boot-starter-json\3.2.0-M3\spring-boot-starter-json-3.2.0-M3.jar;C:\Users\rashe\.m2\repository\com\fasterxml\jackson\core\jackson-databind\2.15.2\jackson-databind-2.15.2.jar;C:\Users\rashe\.m2\repository\com\fasterxml\jackson\core\jackson-annotations\2.15.2\jackson-annotations-2.15.2.jar;C:\Users\rashe\.m2\repository\com\fasterxml\jackson\core\jackson-core\2.15.2\jackson-core-2.15.2.jar;C:\Users\rashe\.m2\repository\com\fasterxml\jackson\datatype\jackson-datatype-jdk8\2.15.2\jackson-datatype-jdk8-2.15.2.jar;C:\Users\rashe\.m2\repository\com\fasterxml\jackson\datatype\jackson-datatype-jsr310\2.15.2\jackson-datatype-jsr310-2.15.2.jar;C:\Users\rashe\.m2\repository\com\fasterxml\jackson\module\jackson-module-parameter-names\2.15.2\jackson-module-parameter-names-2.15.2.jar;C:\Users\rashe\.m2\repository\org\springframework\boot\spring-boot-starter-tomcat\3.2.0-M3\spring-boot-starter-tomcat-3.2.0-M3.jar;C:\Users\rashe\.m2\repository\org\apache\tomcat\embed\tomcat-embed-core\10.1.13\tomcat-embed-core-10.1.13.jar;C:\Users\rashe\.m2\repository\org\apache\tomcat\embed\tomcat-embed-websocket\10.1.13\tomcat-embed-websocket-10.1.13.jar;C:\Users\rashe\.m2\repository\org\springframework\spring-web\6.1.0-M5\spring-web-6.1.0-M5.jar;C:\Users\rashe\.m2\repository\io\micrometer\micrometer-observation\1.12.0-M3\micrometer-observation-1.12.0-M3.jar;C:\Users\rashe\.m2\repository\io\micrometer\micrometer-commons\1.12.0-M3\micrometer-commons-1.12.0-M3.jar;C:\Users\rashe\.m2\repository\org\springframework\spring-webmvc\6.1.0-M5\spring-webmvc-6.1.0-M5.jar;C:\Users\rashe\.m2\repository\org\springframework\spring-expression\6.1.0-M5\spring-expression-6.1.0-M5.jar;C:\Users\rashe\.m2\repository\com\h2database\h2\2.2.224\h2-2.2.224.jar;C:\Users\rashe\.m2\repository\org\springframework\boot\spring-boot-starter-validation\3.2.0-M3\spring-boot-starter-validation-3.2.0-M3.jar;C:\Users\rashe\.m2\repository\org\apache\tomcat\embed\tomcat-embed-el\10.1.13\tomcat-embed-el-10.1.13.jar;C:\Users\rashe\.m2\repository\org\hibernate\validator\hibernate-validator\8.0.1.Final\hibernate-validator-8.0.1.Final.jar;C:\Users\rashe\.m2\repository\jakarta\validation\jakarta.validation-api\3.0.2\jakarta.validation-api-3.0.2.jar;C:\Users\rashe\.m2\repository\com\mysql\mysql-connector-j\8.0.31\mysql-connector-j-8.0.31.jar;C:\Users\rashe\.m2\repository\org\projectlombok\lombok-maven-plugin\1.18.20.0\lombok-maven-plugin-1.18.20.0.jar;C:\Users\rashe\.m2\repository\org\apache\commons\commons-lang3\3.13.0\commons-lang3-3.13.0.jar;C:\Users\rashe\.m2\repository\org\projectlombok\lombok\1.18.30\lombok-1.18.30.jar;C:\Users\rashe\.m2\repository\org\sonatype\plexus\plexus-build-api\0.0.7\plexus-build-api-0.0.7.jar;C:\Users\rashe\.m2\repository\org\codehaus\plexus\plexus-utils\1.5.8\plexus-utils-1.5.8.jar;C:\Users\rashe\.m2\repository\org\springframework\boot\spring-boot-devtools\3.2.0-M3\spring-boot-devtools-3.2.0-M3.jar;C:\Users\rashe\.m2\repository\org\springframework\boot\spring-boot\3.2.0-M3\spring-boot-3.2.0-M3.jar;C:\Users\rashe\.m2\repository\org\springframework\boot\spring-boot-autoconfigure\3.2.0-M3\spring-boot-autoconfigure-3.2.0-M3.jar;C:\Users\rashe\.m2\repository\com\neovisionaries\nv-i18n\1.29\nv-i18n-1.29.jar;C:\Users\rashe\.m2\repository\org\springframework\boot\spring-boot-starter-test\3.2.0-M3\spring-boot-starter-test-3.2.0-M3.jar;C:\Users\rashe\.m2\repository\org\springframework\boot\spring-boot-test\3.2.0-M3\spring-boot-test-3.2.0-M3.jar;C:\Users\rashe\.m2\repository\org\springframework\boot\spring-boot-test-autoconfigure\3.2.0-M3\spring-boot-test-autoconfigure-3.2.0-M3.jar;C:\Users\rashe\.m2\repository\com\jayway\jsonpath\json-path\2.8.0\json-path-2.8.0.jar;C:\Users\rashe\.m2\repository\jakarta\xml\bind\jakarta.xml.bind-api\4.0.1\jakarta.xml.bind-api-4.0.1.jar;C:\Users\rashe\.m2\repository\jakarta\activation\jakarta.activation-api\2.1.2\jakarta.activation-api-2.1.2.jar;C:\Users\rashe\.m2\repository\net\minidev\json-smart\2.5.0\json-smart-2.5.0.jar;C:\Users\rashe\.m2\repository\net\minidev\accessors-smart\2.5.0\accessors-smart-2.5.0.jar;C:\Users\rashe\.m2\repository\org\ow2\asm\asm\9.3\asm-9.3.jar;C:\Users\rashe\.m2\repository\org\assertj\assertj-core\3.24.2\assertj-core-3.24.2.jar;C:\Users\rashe\.m2\repository\org\hamcrest\hamcrest\2.2\hamcrest-2.2.jar;C:\Users\rashe\.m2\repository\org\junit\jupiter\junit-jupiter\5.10.0\junit-jupiter-5.10.0.jar;C:\Users\rashe\.m2\repository\org\junit\jupiter\junit-jupiter-api\5.10.0\junit-jupiter-api-5.10.0.jar;C:\Users\rashe\.m2\repository\org\opentest4j\opentest4j\1.3.0\opentest4j-1.3.0.jar;C:\Users\rashe\.m2\repository\org\junit\platform\junit-platform-commons\1.10.0\junit-platform-commons-1.10.0.jar;C:\Users\rashe\.m2\repository\org\apiguardian\apiguardian-api\1.1.2\apiguardian-api-1.1.2.jar;C:\Users\rashe\.m2\repository\org\junit\jupiter\junit-jupiter-params\5.10.0\junit-jupiter-params-5.10.0.jar;C:\Users\rashe\.m2\repository\org\junit\jupiter\junit-jupiter-engine\5.10.0\junit-jupiter-engine-5.10.0.jar;C:\Users\rashe\.m2\repository\org\junit\platform\junit-platform-engine\1.10.0\junit-platform-engine-1.10.0.jar;C:\Users\rashe\.m2\repository\org\mockito\mockito-core\5.5.0\mockito-core-5.5.0.jar;C:\Users\rashe\.m2\repository\net\bytebuddy\byte-buddy-agent\1.14.8\byte-buddy-agent-1.14.8.jar;C:\Users\rashe\.m2\repository\org\objenesis\objenesis\3.3\objenesis-3.3.jar;C:\Users\rashe\.m2\repository\org\mockito\mockito-junit-jupiter\5.5.0\mockito-junit-jupiter-5.5.0.jar;C:\Users\rashe\.m2\repository\org\skyscreamer\jsonassert\1.5.1\jsonassert-1.5.1.jar;C:\Users\rashe\.m2\repository\com\vaadin\external\google\android-json\0.0.20131108.vaadin1\android-json-0.0.20131108.vaadin1.jar;C:\Users\rashe\.m2\repository\org\springframework\spring-core\6.1.0-M5\spring-core-6.1.0-M5.jar;C:\Users\rashe\.m2\repository\org\springframework\spring-jcl\6.1.0-M5\spring-jcl-6.1.0-M5.jar;C:\Users\rashe\.m2\repository\org\springframework\spring-test\6.1.0-M5\spring-test-6.1.0-M5.jar;C:\Users\rashe\.m2\repository\org\xmlunit\xmlunit-core\2.9.1\xmlunit-core-2.9.1.jar;C:\Users\rashe\.m2\repository\junit\junit\4.13.2\junit-4.13.2.jar;C:\Users\rashe\.m2\repository\org\hamcrest\hamcrest-core\2.2\hamcrest-core-2.2.jar;"/>
    <property name="sun.cpu.endian" value="little"/>
    <property name="user.home" value="C:\Users\rashe"/>
    <property name="user.language" value="en"/>
    <property name="java.specification.vendor" value="Oracle Corporation"/>
    <property name="java.version.date" value="2024-01-16"/>
    <property name="java.home" value="C:\Program Files\Java\jdk-21"/>
    <property name="file.separator" value="\"/>
    <property name="basedir" value="C:\Users\rashe\Desktop\FxDeal"/>
    <property name="java.vm.compressedOopsMode" value="Zero based"/>
    <property name="line.separator" value="&#10;"/>
    <property name="java.vm.specification.vendor" value="Oracle Corporation"/>
    <property name="java.specification.name" value="Java Platform API Specification"/>
    <property name="surefire.real.class.path" value="C:\Users\rashe\AppData\Local\Temp\surefire16701727760750821617\surefirebooter-20240521225456119_3.jar"/>
    <property name="user.script" value=""/>
    <property name="sun.management.compiler" value="HotSpot 64-Bit Tiered Compilers"/>
    <property name="java.runtime.version" value="21.0.2+13-LTS-58"/>
    <property name="user.name" value="rashe"/>
    <property name="stdout.encoding" value="Cp1252"/>
    <property name="path.separator" value=";"/>
    <property name="os.version" value="10.0"/>
    <property name="java.runtime.name" value="Java(TM) SE Runtime Environment"/>
    <property name="file.encoding" value="UTF-8"/>
    <property name="java.vm.name" value="Java HotSpot(TM) 64-Bit Server VM"/>
    <property name="localRepository" value="C:\Users\rashe\.m2\repository"/>
    <property name="java.vendor.url.bug" value="https://bugreport.java.com/bugreport/"/>
    <property name="java.io.tmpdir" value="C:\Users\rashe\AppData\Local\Temp\"/>
    <property name="idea.version" value="2024.1"/>
    <property name="java.version" value="21.0.2"/>
    <property name="user.dir" value="C:\Users\rashe\Desktop\FxDeal"/>
    <property name="os.arch" value="amd64"/>
    <property name="java.vm.specification.name" value="Java Virtual Machine Specification"/>
    <property name="sun.os.patch.level" value=""/>
    <property name="native.encoding" value="Cp1252"/>
    <property name="java.library.path" value="C:\Program Files\Java\jdk-21\bin;C:\WINDOWS\Sun\Java\bin;C:\WINDOWS\system32;C:\WINDOWS;C:\ProgramData\Oracle\Java\javapath;C:\Program Files\Common Files\Oracle\Java\javapath;C:\Program Files (x86)\Common Files\Oracle\Java\javapath;C:\Windows\system32;C:\Windows;C:\Windows\System32\Wbem;C:\Windows\System32\WindowsPowerShell\v1.0\;C:\Windows\System32\OpenSSH\;C:\Program Files\NVIDIA Corporation\NVIDIA NvDLISR;C:\Program Files (x86)\NVIDIA Corporation\PhysX\Common;C:\Program Files\Microsoft SQL Server\150\Tools\Binn\;C:\Program Files\Microsoft SQL Server\Client SDK\ODBC\170\Tools\Binn\;C:\WINDOWS\system32;C:\WINDOWS;C:\WINDOWS\System32\Wbem;C:\WINDOWS\System32\WindowsPowerShell\v1.0\;C:\WINDOWS\System32\OpenSSH\;C:\Users\rashe\AppData\Local\Programs\Python\Python311;C:\Users\rashe\AppData\Local\Programs\Python\Python311\Scripts;C:\Program Files\nodejs\;C:\Users\rashe\Desktop\apache-maven-3.9.4\bin;C:\xampp\php;C:\Program Files\Docker\Docker\resources\bin;C:\Program Files\Git\cmd;C:\Users\rashe\AppData\Local\Microsoft\WindowsApps;;C:\Users\rashe\AppData\Local\Programs\Microsoft VS Code\bin;C:\Users\rashe\AppData\Roaming\npm;."/>
    <property name="java.vm.info" value="mixed mode, sharing"/>
    <property name="stderr.encoding" value="Cp1252"/>
    <property name="java.vendor" value="Oracle Corporation"/>
    <property name="java.vm.version" value="21.0.2+13-LTS-58"/>
    <property name="sun.io.unicode.encoding" value="UnicodeLittle"/>
    <property name="java.class.version" value="65.0"/>
  </properties>
  <testcase name="testCreateFXDeal_Success" classname="com.bloomberg.warehouse.FxDealControllerTest" time="1.292">
    <system-out><![CDATA[22:54:58.337 [main] INFO com.bloomberg.warehouse.controller.FxDealController -- Received request to create FX deal: From Currency: null, To Currency: null, Deal Amount: null
22:54:58.346 [main] INFO com.bloomberg.warehouse.controller.FxDealController -- FX deal created successfully: FxDeal(id=0, fromCurrency=null, toCurrency=null, dealTimestamp=null, dealAmount=null)
]]></system-out>
    <system-err><![CDATA[WARNING: A Java agent has been loaded dynamically (C:\Users\rashe\.m2\repository\net\bytebuddy\byte-buddy-agent\1.14.8\byte-buddy-agent-1.14.8.jar)
WARNING: If a serviceability tool is in use, please run with -XX:+EnableDynamicAgentLoading to hide this warning
WARNING: If a serviceability tool is not in use, please run with -Djdk.instrument.traceUsage for more information
WARNING: Dynamic loading of agents will be disallowed by default in a future release
]]></system-err>
  </testcase>
  <testcase name="testCreateFXDeal_SameCurrencyException" classname="com.bloomberg.warehouse.FxDealControllerTest" time="0.01">
    <system-out><![CDATA[22:54:58.394 [main] INFO com.bloomberg.warehouse.controller.FxDealController -- Received request to create FX deal: From Currency: null, To Currency: null, Deal Amount: null
22:54:58.396 [main] ERROR com.bloomberg.warehouse.controller.FxDealController -- Failed to create FX deal: Same currency not allowed
]]></system-out>
  </testcase>
  <testcase name="testCreateFXDeal_CurrencyNotFoundException" classname="com.bloomberg.warehouse.FxDealControllerTest" time="0.007">
    <system-out><![CDATA[22:54:58.403 [main] INFO com.bloomberg.warehouse.controller.FxDealController -- Received request to create FX deal: From Currency: null, To Currency: null, Deal Amount: null
22:54:58.404 [main] ERROR com.bloomberg.warehouse.controller.FxDealController -- Currency not found: Currency not found
]]></system-out>
  </testcase>
  <testcase name="testShowAddFxDealForm" classname="com.bloomberg.warehouse.FxDealControllerTest" time="0.03"/>
  <testcase name="testCreateFXDeal_DuplicateDealException" classname="com.bloomberg.warehouse.FxDealControllerTest" time="0.004">
    <system-out><![CDATA[22:54:58.441 [main] INFO com.bloomberg.warehouse.controller.FxDealController -- Received request to create FX deal: From Currency: null, To Currency: null, Deal Amount: null
22:54:58.442 [main] ERROR com.bloomberg.warehouse.controller.FxDealController -- Failed to create FX deal: Deal already exists
]]></system-out>
  </testcase>
</testsuite>